{"contracts/SimpleSwap.sol":{"l":{"106":3,"122":4,"125":3,"127":3,"128":3,"130":3,"147":29,"148":28,"151":24,"182":19,"185":18,"186":15,"189":15,"190":15,"192":15,"197":15,"207":13,"208":13,"211":13,"217":12,"220":12,"221":5,"226":7,"232":12,"256":15,"257":12,"261":3,"263":3,"265":2,"266":1,"270":1,"272":1,"273":0,"292":13,"294":13,"296":12,"299":1,"302":1,"303":1,"306":1,"310":13,"320":12,"321":11,"322":11,"323":11,"324":792,"325":792,"328":0,"330":1,"356":4,"359":3,"361":3,"362":3,"364":3,"365":3,"367":3,"372":3,"373":3,"375":3,"376":2,"379":1,"382":1,"383":1,"385":1,"386":1,"391":0,"397":1,"416":7,"417":6,"420":4,"421":4,"423":4,"424":3,"426":3,"427":3,"429":3,"433":3,"436":2,"437":2,"440":1,"442":1,"445":1,"446":1,"451":0,"457":1,"472":1,"474":1,"477":1,"493":3,"509":5,"510":4,"513":3},"path":"/mnt/c/Users/Sarap/Desktop/ETH KIPU/Module4/IvanSarapura/SSDApp/contracts/SimpleSwap.sol","s":{"1":4,"2":3,"3":3,"4":3,"5":29,"6":28,"7":19,"8":18,"9":15,"10":15,"11":15,"12":15,"13":13,"14":13,"15":12,"16":12,"17":12,"18":15,"19":12,"20":3,"21":3,"22":2,"23":1,"24":1,"25":1,"26":0,"27":13,"28":13,"29":1,"30":1,"31":1,"32":13,"33":12,"34":11,"35":11,"36":1,"37":4,"38":3,"39":3,"40":3,"41":3,"42":3,"43":3,"44":3,"45":2,"46":1,"47":1,"48":1,"49":1,"50":1,"51":7,"52":6,"53":4,"54":4,"55":4,"56":3,"57":3,"58":3,"59":3,"60":3,"61":2,"62":2,"63":1,"64":1,"65":1,"66":1,"67":1,"68":1,"69":5,"70":4},"b":{"1":[1,2],"2":[28,1],"3":[24,4],"4":[11,13],"5":[18,1],"6":[5,10],"7":[5,7],"8":[12,3],"9":[2,1],"10":[1,1],"11":[0,1],"12":[12,1],"13":[1,0],"14":[0,1],"15":[12,1],"16":[11,1],"17":[0,1],"18":[3,1],"19":[3,0],"20":[2,1],"21":[1,1],"22":[1,0],"23":[6,1],"24":[4,2],"25":[2,1],"26":[2,1],"27":[1,1],"28":[1,0],"29":[1,0],"30":[4,1],"31":[3,1]},"f":{"1":23,"2":3,"3":4,"4":29,"5":19,"6":15,"7":13,"8":12,"9":4,"10":7,"11":1,"12":3,"13":5},"fnMap":{"1":{"name":"constructor","line":89,"loc":{"start":{"line":89,"column":4},"end":{"line":89,"column":63}}},"2":{"name":"getReserves","line":101,"loc":{"start":{"line":101,"column":4},"end":{"line":107,"column":4}}},"3":{"name":"_getReserves","line":117,"loc":{"start":{"line":117,"column":4},"end":{"line":133,"column":4}}},"4":{"name":"sortTokens","line":143,"loc":{"start":{"line":143,"column":4},"end":{"line":154,"column":4}}},"5":{"name":"addLiquidity","line":171,"loc":{"start":{"line":171,"column":4},"end":{"line":233,"column":4}}},"6":{"name":"_calculateOptimalAmounts","line":247,"loc":{"start":{"line":247,"column":4},"end":{"line":274,"column":4}}},"7":{"name":"calculateLPTokensToMint","line":285,"loc":{"start":{"line":285,"column":4},"end":{"line":311,"column":4}}},"8":{"name":"_sqrt","line":319,"loc":{"start":{"line":319,"column":4},"end":{"line":332,"column":4}}},"9":{"name":"removeLiquidity","line":347,"loc":{"start":{"line":347,"column":4},"end":{"line":398,"column":4}}},"10":{"name":"swapExactTokensForTokens","line":409,"loc":{"start":{"line":409,"column":4},"end":{"line":458,"column":4}}},"11":{"name":"getPrice","line":467,"loc":{"start":{"line":467,"column":4},"end":{"line":478,"column":4}}},"12":{"name":"getAmountOut","line":488,"loc":{"start":{"line":488,"column":4},"end":{"line":494,"column":4}}},"13":{"name":"_getAmountOut","line":504,"loc":{"start":{"line":504,"column":4},"end":{"line":514,"column":4}}}},"statementMap":{"1":{"start":{"line":122,"column":8},"end":{"line":122,"column":69}},"2":{"start":{"line":125,"column":8},"end":{"line":125,"column":72}},"3":{"start":{"line":127,"column":8},"end":{"line":127,"column":45}},"4":{"start":{"line":128,"column":8},"end":{"line":128,"column":45}},"5":{"start":{"line":147,"column":8},"end":{"line":147,"column":46}},"6":{"start":{"line":148,"column":8},"end":{"line":148,"column":76}},"7":{"start":{"line":182,"column":8},"end":{"line":182,"column":54}},"8":{"start":{"line":185,"column":8},"end":{"line":185,"column":69}},"9":{"start":{"line":186,"column":8},"end":{"line":186,"column":72}},"10":{"start":{"line":189,"column":8},"end":{"line":189,"column":45}},"11":{"start":{"line":190,"column":8},"end":{"line":190,"column":45}},"12":{"start":{"line":192,"column":8},"end":{"line":192,"column":7035}},"13":{"start":{"line":207,"column":8},"end":{"line":207,"column":70}},"14":{"start":{"line":208,"column":8},"end":{"line":208,"column":70}},"15":{"start":{"line":217,"column":8},"end":{"line":217,"column":27}},"16":{"start":{"line":220,"column":8},"end":{"line":220,"column":7895}},"17":{"start":{"line":232,"column":8},"end":{"line":232,"column":72}},"18":{"start":{"line":256,"column":8},"end":{"line":256,"column":9306}},"19":{"start":{"line":257,"column":12},"end":{"line":257,"column":51}},"20":{"start":{"line":261,"column":8},"end":{"line":261,"column":68}},"21":{"start":{"line":263,"column":8},"end":{"line":263,"column":9555}},"22":{"start":{"line":265,"column":12},"end":{"line":265,"column":63}},"23":{"start":{"line":266,"column":12},"end":{"line":266,"column":51}},"24":{"start":{"line":270,"column":8},"end":{"line":270,"column":68}},"25":{"start":{"line":272,"column":8},"end":{"line":272,"column":59}},"26":{"start":{"line":273,"column":8},"end":{"line":273,"column":47}},"27":{"start":{"line":292,"column":8},"end":{"line":292,"column":41}},"28":{"start":{"line":294,"column":8},"end":{"line":294,"column":10761}},"29":{"start":{"line":299,"column":12},"end":{"line":299,"column":68}},"30":{"start":{"line":302,"column":12},"end":{"line":302,"column":65}},"31":{"start":{"line":303,"column":12},"end":{"line":303,"column":65}},"32":{"start":{"line":310,"column":8},"end":{"line":310,"column":46}},"33":{"start":{"line":320,"column":8},"end":{"line":320,"column":11846}},"34":{"start":{"line":322,"column":12},"end":{"line":322,"column":30}},"35":{"start":{"line":323,"column":12},"end":{"line":323,"column":11929}},"36":{"start":{"line":327,"column":15},"end":{"line":327,"column":12034}},"37":{"start":{"line":356,"column":8},"end":{"line":356,"column":54}},"38":{"start":{"line":359,"column":8},"end":{"line":359,"column":41}},"39":{"start":{"line":361,"column":8},"end":{"line":361,"column":69}},"40":{"start":{"line":362,"column":8},"end":{"line":362,"column":72}},"41":{"start":{"line":364,"column":8},"end":{"line":364,"column":45}},"42":{"start":{"line":365,"column":8},"end":{"line":365,"column":45}},"43":{"start":{"line":367,"column":8},"end":{"line":367,"column":13527}},"44":{"start":{"line":375,"column":8},"end":{"line":375,"column":52}},"45":{"start":{"line":376,"column":8},"end":{"line":376,"column":52}},"46":{"start":{"line":379,"column":8},"end":{"line":379,"column":35}},"47":{"start":{"line":382,"column":8},"end":{"line":382,"column":43}},"48":{"start":{"line":383,"column":8},"end":{"line":383,"column":43}},"49":{"start":{"line":385,"column":8},"end":{"line":385,"column":14134}},"50":{"start":{"line":397,"column":8},"end":{"line":397,"column":74}},"51":{"start":{"line":416,"column":8},"end":{"line":416,"column":54}},"52":{"start":{"line":417,"column":8},"end":{"line":417,"column":48}},"53":{"start":{"line":420,"column":8},"end":{"line":420,"column":33}},"54":{"start":{"line":421,"column":8},"end":{"line":421,"column":34}},"55":{"start":{"line":423,"column":8},"end":{"line":423,"column":72}},"56":{"start":{"line":424,"column":8},"end":{"line":424,"column":72}},"57":{"start":{"line":426,"column":8},"end":{"line":426,"column":45}},"58":{"start":{"line":427,"column":8},"end":{"line":427,"column":45}},"59":{"start":{"line":429,"column":8},"end":{"line":429,"column":15812}},"60":{"start":{"line":433,"column":8},"end":{"line":433,"column":63}},"61":{"start":{"line":436,"column":8},"end":{"line":436,"column":71}},"62":{"start":{"line":437,"column":8},"end":{"line":437,"column":55}},"63":{"start":{"line":440,"column":8},"end":{"line":440,"column":72}},"64":{"start":{"line":442,"column":8},"end":{"line":442,"column":47}},"65":{"start":{"line":445,"column":8},"end":{"line":445,"column":16423}},"66":{"start":{"line":457,"column":8},"end":{"line":457,"column":61}},"67":{"start":{"line":472,"column":8},"end":{"line":472,"column":69}},"68":{"start":{"line":474,"column":8},"end":{"line":474,"column":44}},"69":{"start":{"line":509,"column":8},"end":{"line":509,"column":43}},"70":{"start":{"line":510,"column":8},"end":{"line":510,"column":67}}},"branchMap":{"1":{"line":131,"type":"if","locations":[{"start":{"line":131,"column":14},"end":{"line":131,"column":33}},{"start":{"line":132,"column":14},"end":{"line":132,"column":33}}]},"2":{"line":147,"type":"if","locations":[{"start":{"line":147,"column":8},"end":{"line":147,"column":8}},{"start":{"line":147,"column":8},"end":{"line":147,"column":8}}]},"3":{"line":148,"type":"if","locations":[{"start":{"line":148,"column":8},"end":{"line":148,"column":8}},{"start":{"line":148,"column":8},"end":{"line":148,"column":8}}]},"4":{"line":152,"type":"if","locations":[{"start":{"line":152,"column":14},"end":{"line":152,"column":29}},{"start":{"line":153,"column":14},"end":{"line":153,"column":29}}]},"5":{"line":182,"type":"if","locations":[{"start":{"line":182,"column":8},"end":{"line":182,"column":8}},{"start":{"line":182,"column":8},"end":{"line":182,"column":8}}]},"6":{"line":193,"type":"if","locations":[{"start":{"line":193,"column":14},"end":{"line":193,"column":33}},{"start":{"line":194,"column":14},"end":{"line":194,"column":33}}]},"7":{"line":220,"type":"if","locations":[{"start":{"line":220,"column":8},"end":{"line":220,"column":8}},{"start":{"line":220,"column":8},"end":{"line":220,"column":8}}]},"8":{"line":256,"type":"if","locations":[{"start":{"line":256,"column":8},"end":{"line":256,"column":8}},{"start":{"line":256,"column":8},"end":{"line":256,"column":8}}]},"9":{"line":263,"type":"if","locations":[{"start":{"line":263,"column":8},"end":{"line":263,"column":8}},{"start":{"line":263,"column":8},"end":{"line":263,"column":8}}]},"10":{"line":265,"type":"if","locations":[{"start":{"line":265,"column":12},"end":{"line":265,"column":12}},{"start":{"line":265,"column":12},"end":{"line":265,"column":12}}]},"11":{"line":272,"type":"if","locations":[{"start":{"line":272,"column":8},"end":{"line":272,"column":8}},{"start":{"line":272,"column":8},"end":{"line":272,"column":8}}]},"12":{"line":294,"type":"if","locations":[{"start":{"line":294,"column":8},"end":{"line":294,"column":8}},{"start":{"line":294,"column":8},"end":{"line":294,"column":8}}]},"13":{"line":299,"type":"if","locations":[{"start":{"line":299,"column":12},"end":{"line":299,"column":12}},{"start":{"line":299,"column":12},"end":{"line":299,"column":12}}]},"14":{"line":306,"type":"if","locations":[{"start":{"line":306,"column":50},"end":{"line":306,"column":59}},{"start":{"line":306,"column":63},"end":{"line":306,"column":72}}]},"15":{"line":310,"type":"if","locations":[{"start":{"line":310,"column":8},"end":{"line":310,"column":8}},{"start":{"line":310,"column":8},"end":{"line":310,"column":8}}]},"16":{"line":320,"type":"if","locations":[{"start":{"line":320,"column":8},"end":{"line":320,"column":8}},{"start":{"line":320,"column":8},"end":{"line":320,"column":8}}]},"17":{"line":327,"type":"if","locations":[{"start":{"line":327,"column":15},"end":{"line":327,"column":15}},{"start":{"line":327,"column":15},"end":{"line":327,"column":15}}]},"18":{"line":356,"type":"if","locations":[{"start":{"line":356,"column":8},"end":{"line":356,"column":8}},{"start":{"line":356,"column":8},"end":{"line":356,"column":8}}]},"19":{"line":368,"type":"if","locations":[{"start":{"line":368,"column":14},"end":{"line":368,"column":33}},{"start":{"line":369,"column":14},"end":{"line":369,"column":33}}]},"20":{"line":375,"type":"if","locations":[{"start":{"line":375,"column":8},"end":{"line":375,"column":8}},{"start":{"line":375,"column":8},"end":{"line":375,"column":8}}]},"21":{"line":376,"type":"if","locations":[{"start":{"line":376,"column":8},"end":{"line":376,"column":8}},{"start":{"line":376,"column":8},"end":{"line":376,"column":8}}]},"22":{"line":385,"type":"if","locations":[{"start":{"line":385,"column":8},"end":{"line":385,"column":8}},{"start":{"line":385,"column":8},"end":{"line":385,"column":8}}]},"23":{"line":416,"type":"if","locations":[{"start":{"line":416,"column":8},"end":{"line":416,"column":8}},{"start":{"line":416,"column":8},"end":{"line":416,"column":8}}]},"24":{"line":417,"type":"if","locations":[{"start":{"line":417,"column":8},"end":{"line":417,"column":8}},{"start":{"line":417,"column":8},"end":{"line":417,"column":8}}]},"25":{"line":430,"type":"if","locations":[{"start":{"line":430,"column":14},"end":{"line":430,"column":33}},{"start":{"line":431,"column":14},"end":{"line":431,"column":33}}]},"26":{"line":433,"type":"if","locations":[{"start":{"line":433,"column":8},"end":{"line":433,"column":8}},{"start":{"line":433,"column":8},"end":{"line":433,"column":8}}]},"27":{"line":437,"type":"if","locations":[{"start":{"line":437,"column":8},"end":{"line":437,"column":8}},{"start":{"line":437,"column":8},"end":{"line":437,"column":8}}]},"28":{"line":445,"type":"if","locations":[{"start":{"line":445,"column":8},"end":{"line":445,"column":8}},{"start":{"line":445,"column":8},"end":{"line":445,"column":8}}]},"29":{"line":474,"type":"if","locations":[{"start":{"line":474,"column":8},"end":{"line":474,"column":8}},{"start":{"line":474,"column":8},"end":{"line":474,"column":8}}]},"30":{"line":509,"type":"if","locations":[{"start":{"line":509,"column":8},"end":{"line":509,"column":8}},{"start":{"line":509,"column":8},"end":{"line":509,"column":8}}]},"31":{"line":510,"type":"if","locations":[{"start":{"line":510,"column":8},"end":{"line":510,"column":8}},{"start":{"line":510,"column":8},"end":{"line":510,"column":8}}]}}},"contracts/TokenA.sol":{"l":{"20":25,"30":26},"path":"/mnt/c/Users/Sarap/Desktop/ETH KIPU/Module4/IvanSarapura/SSDApp/contracts/TokenA.sol","s":{"1":25,"2":26},"b":{"1":[26,1]},"f":{"1":25,"2":26},"fnMap":{"1":{"name":"constructor","line":19,"loc":{"start":{"line":19,"column":4},"end":{"line":21,"column":4}}},"2":{"name":"mint","line":29,"loc":{"start":{"line":29,"column":4},"end":{"line":31,"column":4}}}},"statementMap":{"1":{"start":{"line":20,"column":8},"end":{"line":20,"column":54}},"2":{"start":{"line":30,"column":8},"end":{"line":30,"column":24}}},"branchMap":{"1":{"line":29,"type":"if","locations":[{"start":{"line":29,"column":53},"end":{"line":29,"column":53}},{"start":{"line":29,"column":53},"end":{"line":29,"column":53}}]}}},"contracts/TokenB.sol":{"l":{"20":25,"30":26},"path":"/mnt/c/Users/Sarap/Desktop/ETH KIPU/Module4/IvanSarapura/SSDApp/contracts/TokenB.sol","s":{"1":25,"2":26},"b":{"1":[26,1]},"f":{"1":25,"2":26},"fnMap":{"1":{"name":"constructor","line":19,"loc":{"start":{"line":19,"column":4},"end":{"line":21,"column":4}}},"2":{"name":"mint","line":29,"loc":{"start":{"line":29,"column":4},"end":{"line":31,"column":4}}}},"statementMap":{"1":{"start":{"line":20,"column":8},"end":{"line":20,"column":54}},"2":{"start":{"line":30,"column":8},"end":{"line":30,"column":24}}},"branchMap":{"1":{"line":29,"type":"if","locations":[{"start":{"line":29,"column":53},"end":{"line":29,"column":53}},{"start":{"line":29,"column":53},"end":{"line":29,"column":53}}]}}}}